<?xml version="1.0" encoding="UTF-8"?>
<!-- Generated by org.testng.reporters.JUnitXMLReporter -->
<testsuite ignored="0" hostname="DESKTOP-JE2TPP7" failures="0" tests="6" name="Test" time="0.07" errors="0" timestamp="2023-06-09T23:55:58 IST">
  <testcase classname="TestNG.Ex6_Sample1" name="TC1" time="0.008"/>
  <testcase classname="TestNG.Ex6_Sample1" name="TC2" time="0.001"/>
  <testcase classname="TestNG.Ex6_Sample1" name="TC3" time="0.002"/>
  <testcase classname="TestNG.Ex6_Sample2" name="TC4" time="0.001"/>
  <testcase classname="TestNG.Ex6_Sample2" name="TC5" time="0.002"/>
  <testcase classname="TestNG.Ex6_Sample2" name="TC6" time="0.001"/>
</testsuite> <!-- Test -->
