<?xml version="1.0" encoding="UTF-8"?>
<!-- Generated by org.testng.reporters.JUnitXMLReporter -->
<testsuite ignored="0" hostname="DESKTOP-JE2TPP7" failures="0" tests="3" name="Default test" time="0.068" errors="0" timestamp="2023-06-07T14:52:52 IST">
  <testcase classname="TestNG_practice.Ex5_TestNGKeyword3_priority" name="TC4" time="0.009"/>
  <testcase classname="TestNG_practice.Ex5_TestNGKeyword3_priority" name="TC1" time="0.003"/>
  <testcase classname="TestNG_practice.Ex5_TestNGKeyword3_priority" name="TC3" time="0.003"/>
</testsuite> <!-- Default test -->
