<?xml version="1.0" encoding="UTF-8"?>
<!-- Generated by org.testng.reporters.JUnitXMLReporter -->
<testsuite ignored="2" hostname="DESKTOP-JE2TPP7" failures="0" tests="6" name="Test" time="0.051" errors="0" timestamp="2023-07-19T16:29:38 IST">
  <testcase classname="TestNG.Ex11_grouping2" name="TC1" time="0.005"/>
  <testcase classname="TestNG.Ex11_grouping2" name="TC2" time="0.001"/>
  <testcase classname="TestNG.Ex11_grouping2" name="TC3" time="0.001"/>
  <testcase classname="TestNG.Ex11_grouping1" name="TC1" time="0.001"/>
  <testcase classname="TestNG.Ex11_grouping1" name="TC2" time="0.001"/>
  <testcase classname="TestNG.Ex11_grouping1" name="TC3" time="0.001"/>
  <testcase classname="TestNG.Ex11_grouping2" name="TC4" time="0.0">
    <ignored/>
  </testcase> <!-- TC4 -->
  <testcase classname="TestNG.Ex11_grouping1" name="TC4" time="0.0">
    <ignored/>
  </testcase> <!-- TC4 -->
</testsuite> <!-- Test -->
