<?xml version="1.0" encoding="UTF-8"?>
<!-- Generated by org.testng.reporters.JUnitXMLReporter -->
<testsuite ignored="0" hostname="DESKTOP-JE2TPP7" failures="1" tests="1" name="Test2" time="0.005" errors="0" timestamp="2023-07-06T23:31:58 IST">
  <testcase classname="TestNG.Ex14_PracticeParameterWithTestNGXML" name="testParameterWithXML" time="0.0">
    <failure type="org.testng.TestNGException" message="
Parameter &amp;apos;author&amp;apos; is required by @Test on method testParameterWithXML but has not been marked @Optional or defined
in D:\Eclipse\workspace\SeleniumPractice\Parameter_testng.xml">
      <![CDATA[org.testng.TestNGException: 
Parameter 'author' is required by @Test on method testParameterWithXML but has not been marked @Optional or defined
in D:\Eclipse\workspace\SeleniumPractice\Parameter_testng.xml
at java.base/java.util.ArrayList.forEach(ArrayList.java:1511)
... Removed 26 stack frames]]>
    </failure>
  </testcase> <!-- testParameterWithXML -->
</testsuite> <!-- Test2 -->
