<?xml version="1.0" encoding="UTF-8"?>
<!-- Generated by org.testng.reporters.JUnitXMLReporter -->
<testsuite ignored="4" hostname="DESKTOP-JE2TPP7" failures="0" tests="1" name="Default test(failed)(failed)" time="0.043" errors="0" timestamp="2023-07-19T16:25:42 IST">
  <testcase classname="TestNG.Ex10_FailedXML" name="TC3" time="0.007"/>
  <testcase classname="TestNG.Ex10_FailedXML" name="TC4" time="0.0">
    <ignored/>
  </testcase> <!-- TC4 -->
  <testcase classname="TestNG.Ex10_FailedXML" name="TC5" time="0.0">
    <ignored/>
  </testcase> <!-- TC5 -->
  <testcase classname="TestNG.Ex10_FailedXML" name="TC2" time="0.0">
    <ignored/>
  </testcase> <!-- TC2 -->
  <testcase classname="TestNG.Ex10_FailedXML" name="TC1" time="0.0">
    <ignored/>
  </testcase> <!-- TC1 -->
</testsuite> <!-- Default test(failed)(failed) -->
