<?xml version="1.0" encoding="UTF-8"?>
<!-- Generated by org.testng.reporters.JUnitXMLReporter -->
<testsuite ignored="3" hostname="DESKTOP-JE2TPP7" failures="0" tests="2" name="Default test(failed)(failed)" time="0.054" errors="0" timestamp="2023-06-14T23:31:29 IST">
  <testcase classname="TestNG.Ex10_FailedXML" name="TC4" time="0.009"/>
  <testcase classname="TestNG.Ex10_FailedXML" name="TC5" time="0.001"/>
  <testcase classname="TestNG.Ex10_FailedXML" name="TC2" time="0.0">
    <ignored/>
  </testcase> <!-- TC2 -->
  <testcase classname="TestNG.Ex10_FailedXML" name="TC3" time="0.0">
    <ignored/>
  </testcase> <!-- TC3 -->
  <testcase classname="TestNG.Ex10_FailedXML" name="TC1" time="0.0">
    <ignored/>
  </testcase> <!-- TC1 -->
</testsuite> <!-- Default test(failed)(failed) -->
