<?xml version="1.0" encoding="UTF-8"?>
<testng-results ignored="0" total="1" passed="1" failed="0" skipped="0">
  <reporter-output>
  </reporter-output>
  <suite started-at="2023-06-20T23:42:55 IST" name="Default suite" finished-at="2023-06-20T23:43:19 IST" duration-ms="24103">
    <groups>
    </groups>
    <test started-at="2023-06-20T23:42:55 IST" name="Default test" finished-at="2023-06-20T23:43:19 IST" duration-ms="24103">
      <class name="POM_DDF_TestNG_BaseClass_UtilityClass_CaptureSSOfFailedTCs_PropertyFile.PBLoginTest1">
        <test-method is-config="true" signature="OpenBrowser()[pri:0, instance:POM_DDF_TestNG_BaseClass_UtilityClass_CaptureSSOfFailedTCs_PropertyFile.PBLoginTest1@32ee6fee]" started-at="2023-06-20T23:42:55 IST" name="OpenBrowser" finished-at="2023-06-20T23:43:05 IST" duration-ms="9752" status="PASS">
          <reporter-output>
          </reporter-output>
        </test-method> <!-- OpenBrowser -->
        <test-method is-config="true" signature="LoginToApp()[pri:0, instance:POM_DDF_TestNG_BaseClass_UtilityClass_CaptureSSOfFailedTCs_PropertyFile.PBLoginTest1@32ee6fee]" started-at="2023-06-20T23:43:05 IST" name="LoginToApp" finished-at="2023-06-20T23:43:10 IST" duration-ms="5299" status="PASS">
          <reporter-output>
          </reporter-output>
        </test-method> <!-- LoginToApp -->
        <test-method signature="VerifyFullName()[pri:0, instance:POM_DDF_TestNG_BaseClass_UtilityClass_CaptureSSOfFailedTCs_PropertyFile.PBLoginTest1@32ee6fee]" started-at="2023-06-20T23:43:10 IST" name="VerifyFullName" finished-at="2023-06-20T23:43:17 IST" duration-ms="6310" status="PASS">
          <reporter-output>
          </reporter-output>
        </test-method> <!-- VerifyFullName -->
        <test-method is-config="true" signature="LogoutFromApp(org.testng.ITestResult)[pri:0, instance:POM_DDF_TestNG_BaseClass_UtilityClass_CaptureSSOfFailedTCs_PropertyFile.PBLoginTest1@32ee6fee]" started-at="2023-06-20T23:43:17 IST" name="LogoutFromApp" finished-at="2023-06-20T23:43:17 IST" duration-ms="0" status="PASS">
          <params>
            <param index="0">
              <value>
                <![CDATA[[TestResult name=VerifyFullName status=SUCCESS method=PBLoginTest1.VerifyFullName()[pri:0, instance:POM_DDF_TestNG_BaseClass_UtilityClass_CaptureSSOfFailedTCs_PropertyFile.PBLoginTest1@32ee6fee] output={null}]]]>
              </value>
            </param>
          </params>
          <reporter-output>
          </reporter-output>
        </test-method> <!-- LogoutFromApp -->
        <test-method is-config="true" signature="CloseBrowser()[pri:0, instance:POM_DDF_TestNG_BaseClass_UtilityClass_CaptureSSOfFailedTCs_PropertyFile.PBLoginTest1@32ee6fee]" started-at="2023-06-20T23:43:17 IST" name="CloseBrowser" finished-at="2023-06-20T23:43:19 IST" duration-ms="2685" status="PASS">
          <reporter-output>
          </reporter-output>
        </test-method> <!-- CloseBrowser -->
      </class> <!-- POM_DDF_TestNG_BaseClass_UtilityClass_CaptureSSOfFailedTCs_PropertyFile.PBLoginTest1 -->
    </test> <!-- Default test -->
  </suite> <!-- Default suite -->
</testng-results>
